2021-12-21 16:48:54.583 TRACE 10084 --- [http-nio-8080-exec-1] c.P._SpringBoot_BS5.Logging.Controller   : Esto es un log.trace
2021-12-21 16:48:54.585 DEBUG 10084 --- [http-nio-8080-exec-1] c.P._SpringBoot_BS5.Logging.Controller   : Esto es un log.debug
2021-12-21 16:48:54.585  INFO 10084 --- [http-nio-8080-exec-1] c.P._SpringBoot_BS5.Logging.Controller   : Esto es un log.info
2021-12-21 16:48:54.585  WARN 10084 --- [http-nio-8080-exec-1] c.P._SpringBoot_BS5.Logging.Controller   : Esto es un log.warn
2021-12-21 16:48:54.585 ERROR 10084 --- [http-nio-8080-exec-1] c.P._SpringBoot_BS5.Logging.Controller   : Esto es un log.error
2021-12-21 16:48:54.595 TRACE 10084 --- [http-nio-8080-exec-1] c.P._SpringBoot_BS5.Logging.Controller   : Esto es un log.trace
2021-12-21 16:48:54.595 DEBUG 10084 --- [http-nio-8080-exec-1] c.P._SpringBoot_BS5.Logging.Controller   : Esto es un log.debug
2021-12-21 16:48:54.595  INFO 10084 --- [http-nio-8080-exec-1] c.P._SpringBoot_BS5.Logging.Controller   : Esto es un log.info
2021-12-21 16:48:54.595  WARN 10084 --- [http-nio-8080-exec-1] c.P._SpringBoot_BS5.Logging.Controller   : Esto es un log.warn
2021-12-21 16:48:54.595 ERROR 10084 --- [http-nio-8080-exec-1] c.P._SpringBoot_BS5.Logging.Controller   : Esto es un log.error
2021-12-21 16:48:54.709 TRACE 10084 --- [http-nio-8080-exec-2] c.P._SpringBoot_BS5.Logging.Controller   : Esto es un log.trace
2021-12-21 16:48:54.709 DEBUG 10084 --- [http-nio-8080-exec-2] c.P._SpringBoot_BS5.Logging.Controller   : Esto es un log.debug
2021-12-21 16:48:54.709  INFO 10084 --- [http-nio-8080-exec-2] c.P._SpringBoot_BS5.Logging.Controller   : Esto es un log.info
2021-12-21 16:48:54.709  WARN 10084 --- [http-nio-8080-exec-2] c.P._SpringBoot_BS5.Logging.Controller   : Esto es un log.warn
2021-12-21 16:48:54.709 ERROR 10084 --- [http-nio-8080-exec-2] c.P._SpringBoot_BS5.Logging.Controller   : Esto es un log.error
2021-12-21 16:48:54.709 TRACE 10084 --- [http-nio-8080-exec-2] c.P._SpringBoot_BS5.Logging.Controller   : Esto es un log.trace
2021-12-21 16:48:54.709 DEBUG 10084 --- [http-nio-8080-exec-2] c.P._SpringBoot_BS5.Logging.Controller   : Esto es un log.debug
2021-12-21 16:48:54.709  INFO 10084 --- [http-nio-8080-exec-2] c.P._SpringBoot_BS5.Logging.Controller   : Esto es un log.info
2021-12-21 16:48:54.709  WARN 10084 --- [http-nio-8080-exec-2] c.P._SpringBoot_BS5.Logging.Controller   : Esto es un log.warn
2021-12-21 16:48:54.709 ERROR 10084 --- [http-nio-8080-exec-2] c.P._SpringBoot_BS5.Logging.Controller   : Esto es un log.error
2021-12-21 16:48:54.709 TRACE 10084 --- [http-nio-8080-exec-2] c.P._SpringBoot_BS5.Logging.Controller   : Esto es un log.trace
2021-12-21 16:48:54.709 DEBUG 10084 --- [http-nio-8080-exec-2] c.P._SpringBoot_BS5.Logging.Controller   : Esto es un log.debug
2021-12-21 16:48:54.709  INFO 10084 --- [http-nio-8080-exec-2] c.P._SpringBoot_BS5.Logging.Controller   : Esto es un log.info
2021-12-21 16:48:54.709  WARN 10084 --- [http-nio-8080-exec-2] c.P._SpringBoot_BS5.Logging.Controller   : Esto es un log.warn
2021-12-21 16:48:54.709 ERROR 10084 --- [http-nio-8080-exec-2] c.P._SpringBoot_BS5.Logging.Controller   : Esto es un log.error
2021-12-21 16:48:55.034 TRACE 10084 --- [http-nio-8080-exec-3] c.P._SpringBoot_BS5.Logging.Controller   : Esto es un log.trace
2021-12-21 16:48:55.034 DEBUG 10084 --- [http-nio-8080-exec-3] c.P._SpringBoot_BS5.Logging.Controller   : Esto es un log.debug
2021-12-21 16:48:55.034  INFO 10084 --- [http-nio-8080-exec-3] c.P._SpringBoot_BS5.Logging.Controller   : Esto es un log.info
2021-12-21 16:48:55.034  WARN 10084 --- [http-nio-8080-exec-3] c.P._SpringBoot_BS5.Logging.Controller   : Esto es un log.warn
2021-12-21 16:48:55.034 ERROR 10084 --- [http-nio-8080-exec-3] c.P._SpringBoot_BS5.Logging.Controller   : Esto es un log.error
2021-12-21 16:48:55.034 TRACE 10084 --- [http-nio-8080-exec-3] c.P._SpringBoot_BS5.Logging.Controller   : Esto es un log.trace
2021-12-21 16:48:55.034 DEBUG 10084 --- [http-nio-8080-exec-3] c.P._SpringBoot_BS5.Logging.Controller   : Esto es un log.debug
2021-12-21 16:48:55.034  INFO 10084 --- [http-nio-8080-exec-3] c.P._SpringBoot_BS5.Logging.Controller   : Esto es un log.info
2021-12-21 16:48:55.034  WARN 10084 --- [http-nio-8080-exec-3] c.P._SpringBoot_BS5.Logging.Controller   : Esto es un log.warn
2021-12-21 16:48:55.035 ERROR 10084 --- [http-nio-8080-exec-3] c.P._SpringBoot_BS5.Logging.Controller   : Esto es un log.error
2021-12-21 16:48:55.035 TRACE 10084 --- [http-nio-8080-exec-3] c.P._SpringBoot_BS5.Logging.Controller   : Esto es un log.trace
2021-12-21 16:48:55.035 DEBUG 10084 --- [http-nio-8080-exec-3] c.P._SpringBoot_BS5.Logging.Controller   : Esto es un log.debug
2021-12-21 16:48:55.035  INFO 10084 --- [http-nio-8080-exec-3] c.P._SpringBoot_BS5.Logging.Controller   : Esto es un log.info
2021-12-21 16:48:55.035  WARN 10084 --- [http-nio-8080-exec-3] c.P._SpringBoot_BS5.Logging.Controller   : Esto es un log.warn
2021-12-21 16:48:55.035 ERROR 10084 --- [http-nio-8080-exec-3] c.P._SpringBoot_BS5.Logging.Controller   : Esto es un log.error
2021-12-21 16:48:55.185 TRACE 10084 --- [http-nio-8080-exec-4] c.P._SpringBoot_BS5.Logging.Controller   : Esto es un log.trace
2021-12-21 16:48:55.185 DEBUG 10084 --- [http-nio-8080-exec-4] c.P._SpringBoot_BS5.Logging.Controller   : Esto es un log.debug
2021-12-21 16:48:55.185  INFO 10084 --- [http-nio-8080-exec-4] c.P._SpringBoot_BS5.Logging.Controller   : Esto es un log.info
2021-12-21 16:48:55.185  WARN 10084 --- [http-nio-8080-exec-4] c.P._SpringBoot_BS5.Logging.Controller   : Esto es un log.warn
2021-12-21 16:48:55.186 ERROR 10084 --- [http-nio-8080-exec-4] c.P._SpringBoot_BS5.Logging.Controller   : Esto es un log.error
2021-12-21 16:48:55.186 TRACE 10084 --- [http-nio-8080-exec-4] c.P._SpringBoot_BS5.Logging.Controller   : Esto es un log.trace
2021-12-21 16:48:55.186 DEBUG 10084 --- [http-nio-8080-exec-4] c.P._SpringBoot_BS5.Logging.Controller   : Esto es un log.debug
2021-12-21 16:48:55.186  INFO 10084 --- [http-nio-8080-exec-4] c.P._SpringBoot_BS5.Logging.Controller   : Esto es un log.info
2021-12-21 16:48:55.186  WARN 10084 --- [http-nio-8080-exec-4] c.P._SpringBoot_BS5.Logging.Controller   : Esto es un log.warn
2021-12-21 16:48:55.186 ERROR 10084 --- [http-nio-8080-exec-4] c.P._SpringBoot_BS5.Logging.Controller   : Esto es un log.error
2021-12-21 16:48:55.186 TRACE 10084 --- [http-nio-8080-exec-4] c.P._SpringBoot_BS5.Logging.Controller   : Esto es un log.trace
2021-12-21 16:48:55.186 DEBUG 10084 --- [http-nio-8080-exec-4] c.P._SpringBoot_BS5.Logging.Controller   : Esto es un log.debug
2021-12-21 16:48:55.186  INFO 10084 --- [http-nio-8080-exec-4] c.P._SpringBoot_BS5.Logging.Controller   : Esto es un log.info
2021-12-21 16:48:55.186  WARN 10084 --- [http-nio-8080-exec-4] c.P._SpringBoot_BS5.Logging.Controller   : Esto es un log.warn
2021-12-21 16:48:55.186 ERROR 10084 --- [http-nio-8080-exec-4] c.P._SpringBoot_BS5.Logging.Controller   : Esto es un log.error
2021-12-21 16:48:55.345 TRACE 10084 --- [http-nio-8080-exec-5] c.P._SpringBoot_BS5.Logging.Controller   : Esto es un log.trace
2021-12-21 16:48:55.345 DEBUG 10084 --- [http-nio-8080-exec-5] c.P._SpringBoot_BS5.Logging.Controller   : Esto es un log.debug
2021-12-21 16:48:55.345  INFO 10084 --- [http-nio-8080-exec-5] c.P._SpringBoot_BS5.Logging.Controller   : Esto es un log.info
2021-12-21 16:48:55.345  WARN 10084 --- [http-nio-8080-exec-5] c.P._SpringBoot_BS5.Logging.Controller   : Esto es un log.warn
2021-12-21 16:48:55.345 ERROR 10084 --- [http-nio-8080-exec-5] c.P._SpringBoot_BS5.Logging.Controller   : Esto es un log.error
2021-12-21 16:48:55.345 TRACE 10084 --- [http-nio-8080-exec-5] c.P._SpringBoot_BS5.Logging.Controller   : Esto es un log.trace
2021-12-21 16:48:55.345 DEBUG 10084 --- [http-nio-8080-exec-5] c.P._SpringBoot_BS5.Logging.Controller   : Esto es un log.debug
2021-12-21 16:48:55.345  INFO 10084 --- [http-nio-8080-exec-5] c.P._SpringBoot_BS5.Logging.Controller   : Esto es un log.info
2021-12-21 16:48:55.345  WARN 10084 --- [http-nio-8080-exec-5] c.P._SpringBoot_BS5.Logging.Controller   : Esto es un log.warn
2021-12-21 16:48:55.345 ERROR 10084 --- [http-nio-8080-exec-5] c.P._SpringBoot_BS5.Logging.Controller   : Esto es un log.error
2021-12-21 16:48:55.345 TRACE 10084 --- [http-nio-8080-exec-5] c.P._SpringBoot_BS5.Logging.Controller   : Esto es un log.trace
2021-12-21 16:48:55.345 DEBUG 10084 --- [http-nio-8080-exec-5] c.P._SpringBoot_BS5.Logging.Controller   : Esto es un log.debug
2021-12-21 16:48:55.345  INFO 10084 --- [http-nio-8080-exec-5] c.P._SpringBoot_BS5.Logging.Controller   : Esto es un log.info
2021-12-21 16:48:55.345  WARN 10084 --- [http-nio-8080-exec-5] c.P._SpringBoot_BS5.Logging.Controller   : Esto es un log.warn
2021-12-21 16:48:55.345 ERROR 10084 --- [http-nio-8080-exec-5] c.P._SpringBoot_BS5.Logging.Controller   : Esto es un log.error
2021-12-21 16:48:55.496 TRACE 10084 --- [http-nio-8080-exec-6] c.P._SpringBoot_BS5.Logging.Controller   : Esto es un log.trace
2021-12-21 16:48:55.496 DEBUG 10084 --- [http-nio-8080-exec-6] c.P._SpringBoot_BS5.Logging.Controller   : Esto es un log.debug
