2021-12-21 16:48:55.496  INFO 10084 --- [http-nio-8080-exec-6] c.P._SpringBoot_BS5.Logging.Controller   : Esto es un log.info
2021-12-21 16:48:55.498  WARN 10084 --- [http-nio-8080-exec-6] c.P._SpringBoot_BS5.Logging.Controller   : Esto es un log.warn
2021-12-21 16:48:55.498 ERROR 10084 --- [http-nio-8080-exec-6] c.P._SpringBoot_BS5.Logging.Controller   : Esto es un log.error
2021-12-21 16:48:55.498 TRACE 10084 --- [http-nio-8080-exec-6] c.P._SpringBoot_BS5.Logging.Controller   : Esto es un log.trace
2021-12-21 16:48:55.498 DEBUG 10084 --- [http-nio-8080-exec-6] c.P._SpringBoot_BS5.Logging.Controller   : Esto es un log.debug
2021-12-21 16:48:55.509  INFO 10084 --- [http-nio-8080-exec-6] c.P._SpringBoot_BS5.Logging.Controller   : Esto es un log.info
2021-12-21 16:48:55.509  WARN 10084 --- [http-nio-8080-exec-6] c.P._SpringBoot_BS5.Logging.Controller   : Esto es un log.warn
2021-12-21 16:48:55.509 ERROR 10084 --- [http-nio-8080-exec-6] c.P._SpringBoot_BS5.Logging.Controller   : Esto es un log.error
2021-12-21 16:48:55.509 TRACE 10084 --- [http-nio-8080-exec-6] c.P._SpringBoot_BS5.Logging.Controller   : Esto es un log.trace
2021-12-21 16:48:55.509 DEBUG 10084 --- [http-nio-8080-exec-6] c.P._SpringBoot_BS5.Logging.Controller   : Esto es un log.debug
2021-12-21 16:48:55.509  INFO 10084 --- [http-nio-8080-exec-6] c.P._SpringBoot_BS5.Logging.Controller   : Esto es un log.info
2021-12-21 16:48:55.509  WARN 10084 --- [http-nio-8080-exec-6] c.P._SpringBoot_BS5.Logging.Controller   : Esto es un log.warn
2021-12-21 16:48:55.509 ERROR 10084 --- [http-nio-8080-exec-6] c.P._SpringBoot_BS5.Logging.Controller   : Esto es un log.error
2021-12-21 16:48:55.650 TRACE 10084 --- [http-nio-8080-exec-7] c.P._SpringBoot_BS5.Logging.Controller   : Esto es un log.trace
2021-12-21 16:48:55.651 DEBUG 10084 --- [http-nio-8080-exec-7] c.P._SpringBoot_BS5.Logging.Controller   : Esto es un log.debug
2021-12-21 16:48:55.651  INFO 10084 --- [http-nio-8080-exec-7] c.P._SpringBoot_BS5.Logging.Controller   : Esto es un log.info
2021-12-21 16:48:55.651  WARN 10084 --- [http-nio-8080-exec-7] c.P._SpringBoot_BS5.Logging.Controller   : Esto es un log.warn
2021-12-21 16:48:55.651 ERROR 10084 --- [http-nio-8080-exec-7] c.P._SpringBoot_BS5.Logging.Controller   : Esto es un log.error
2021-12-21 16:48:55.651 TRACE 10084 --- [http-nio-8080-exec-7] c.P._SpringBoot_BS5.Logging.Controller   : Esto es un log.trace
2021-12-21 16:48:55.651 DEBUG 10084 --- [http-nio-8080-exec-7] c.P._SpringBoot_BS5.Logging.Controller   : Esto es un log.debug
2021-12-21 16:48:55.651  INFO 10084 --- [http-nio-8080-exec-7] c.P._SpringBoot_BS5.Logging.Controller   : Esto es un log.info
2021-12-21 16:48:55.651  WARN 10084 --- [http-nio-8080-exec-7] c.P._SpringBoot_BS5.Logging.Controller   : Esto es un log.warn
2021-12-21 16:48:55.651 ERROR 10084 --- [http-nio-8080-exec-7] c.P._SpringBoot_BS5.Logging.Controller   : Esto es un log.error
2021-12-21 16:48:55.651 TRACE 10084 --- [http-nio-8080-exec-7] c.P._SpringBoot_BS5.Logging.Controller   : Esto es un log.trace
2021-12-21 16:48:55.651 DEBUG 10084 --- [http-nio-8080-exec-7] c.P._SpringBoot_BS5.Logging.Controller   : Esto es un log.debug
2021-12-21 16:48:55.651  INFO 10084 --- [http-nio-8080-exec-7] c.P._SpringBoot_BS5.Logging.Controller   : Esto es un log.info
2021-12-21 16:48:55.651  WARN 10084 --- [http-nio-8080-exec-7] c.P._SpringBoot_BS5.Logging.Controller   : Esto es un log.warn
2021-12-21 16:48:55.651 ERROR 10084 --- [http-nio-8080-exec-7] c.P._SpringBoot_BS5.Logging.Controller   : Esto es un log.error
2021-12-21 16:48:55.778 TRACE 10084 --- [http-nio-8080-exec-8] c.P._SpringBoot_BS5.Logging.Controller   : Esto es un log.trace
2021-12-21 16:48:55.778 DEBUG 10084 --- [http-nio-8080-exec-8] c.P._SpringBoot_BS5.Logging.Controller   : Esto es un log.debug
2021-12-21 16:48:55.778  INFO 10084 --- [http-nio-8080-exec-8] c.P._SpringBoot_BS5.Logging.Controller   : Esto es un log.info
2021-12-21 16:48:55.778  WARN 10084 --- [http-nio-8080-exec-8] c.P._SpringBoot_BS5.Logging.Controller   : Esto es un log.warn
2021-12-21 16:48:55.778 ERROR 10084 --- [http-nio-8080-exec-8] c.P._SpringBoot_BS5.Logging.Controller   : Esto es un log.error
2021-12-21 16:48:55.779 TRACE 10084 --- [http-nio-8080-exec-8] c.P._SpringBoot_BS5.Logging.Controller   : Esto es un log.trace
2021-12-21 16:48:55.779 DEBUG 10084 --- [http-nio-8080-exec-8] c.P._SpringBoot_BS5.Logging.Controller   : Esto es un log.debug
2021-12-21 16:48:55.779  INFO 10084 --- [http-nio-8080-exec-8] c.P._SpringBoot_BS5.Logging.Controller   : Esto es un log.info
2021-12-21 16:48:55.779  WARN 10084 --- [http-nio-8080-exec-8] c.P._SpringBoot_BS5.Logging.Controller   : Esto es un log.warn
2021-12-21 16:48:55.779 ERROR 10084 --- [http-nio-8080-exec-8] c.P._SpringBoot_BS5.Logging.Controller   : Esto es un log.error
2021-12-21 16:48:55.779 TRACE 10084 --- [http-nio-8080-exec-8] c.P._SpringBoot_BS5.Logging.Controller   : Esto es un log.trace
2021-12-21 16:48:55.779 DEBUG 10084 --- [http-nio-8080-exec-8] c.P._SpringBoot_BS5.Logging.Controller   : Esto es un log.debug
2021-12-21 16:48:55.779  INFO 10084 --- [http-nio-8080-exec-8] c.P._SpringBoot_BS5.Logging.Controller   : Esto es un log.info
2021-12-21 16:48:55.779  WARN 10084 --- [http-nio-8080-exec-8] c.P._SpringBoot_BS5.Logging.Controller   : Esto es un log.warn
2021-12-21 16:48:55.779 ERROR 10084 --- [http-nio-8080-exec-8] c.P._SpringBoot_BS5.Logging.Controller   : Esto es un log.error
2021-12-21 16:48:55.928 TRACE 10084 --- [http-nio-8080-exec-9] c.P._SpringBoot_BS5.Logging.Controller   : Esto es un log.trace
2021-12-21 16:48:55.928 DEBUG 10084 --- [http-nio-8080-exec-9] c.P._SpringBoot_BS5.Logging.Controller   : Esto es un log.debug
2021-12-21 16:48:55.928  INFO 10084 --- [http-nio-8080-exec-9] c.P._SpringBoot_BS5.Logging.Controller   : Esto es un log.info
2021-12-21 16:48:55.928  WARN 10084 --- [http-nio-8080-exec-9] c.P._SpringBoot_BS5.Logging.Controller   : Esto es un log.warn
2021-12-21 16:48:55.928 ERROR 10084 --- [http-nio-8080-exec-9] c.P._SpringBoot_BS5.Logging.Controller   : Esto es un log.error
2021-12-21 16:48:55.928 TRACE 10084 --- [http-nio-8080-exec-9] c.P._SpringBoot_BS5.Logging.Controller   : Esto es un log.trace
2021-12-21 16:48:55.928 DEBUG 10084 --- [http-nio-8080-exec-9] c.P._SpringBoot_BS5.Logging.Controller   : Esto es un log.debug
2021-12-21 16:48:55.929  INFO 10084 --- [http-nio-8080-exec-9] c.P._SpringBoot_BS5.Logging.Controller   : Esto es un log.info
2021-12-21 16:48:55.929  WARN 10084 --- [http-nio-8080-exec-9] c.P._SpringBoot_BS5.Logging.Controller   : Esto es un log.warn
2021-12-21 16:48:55.929 ERROR 10084 --- [http-nio-8080-exec-9] c.P._SpringBoot_BS5.Logging.Controller   : Esto es un log.error
2021-12-21 16:48:55.929 TRACE 10084 --- [http-nio-8080-exec-9] c.P._SpringBoot_BS5.Logging.Controller   : Esto es un log.trace
2021-12-21 16:48:55.929 DEBUG 10084 --- [http-nio-8080-exec-9] c.P._SpringBoot_BS5.Logging.Controller   : Esto es un log.debug
2021-12-21 16:48:55.929  INFO 10084 --- [http-nio-8080-exec-9] c.P._SpringBoot_BS5.Logging.Controller   : Esto es un log.info
2021-12-21 16:48:55.929  WARN 10084 --- [http-nio-8080-exec-9] c.P._SpringBoot_BS5.Logging.Controller   : Esto es un log.warn
2021-12-21 16:48:55.929 ERROR 10084 --- [http-nio-8080-exec-9] c.P._SpringBoot_BS5.Logging.Controller   : Esto es un log.error
2021-12-21 16:48:56.084 TRACE 10084 --- [http-nio-8080-exec-10] c.P._SpringBoot_BS5.Logging.Controller   : Esto es un log.trace
2021-12-21 16:48:56.084 DEBUG 10084 --- [http-nio-8080-exec-10] c.P._SpringBoot_BS5.Logging.Controller   : Esto es un log.debug
2021-12-21 16:48:56.084  INFO 10084 --- [http-nio-8080-exec-10] c.P._SpringBoot_BS5.Logging.Controller   : Esto es un log.info
2021-12-21 16:48:56.084  WARN 10084 --- [http-nio-8080-exec-10] c.P._SpringBoot_BS5.Logging.Controller   : Esto es un log.warn
2021-12-21 16:48:56.084 ERROR 10084 --- [http-nio-8080-exec-10] c.P._SpringBoot_BS5.Logging.Controller   : Esto es un log.error
2021-12-21 16:48:56.084 TRACE 10084 --- [http-nio-8080-exec-10] c.P._SpringBoot_BS5.Logging.Controller   : Esto es un log.trace
